{"/home/adam/github/SpecR/src/api/health.ts": {"path":"/home/adam/github/SpecR/src/api/health.ts","statementMap":{"0":{"start":{"line":6,"column":2},"end":{"line":14,"column":null}},"1":{"start":{"line":7,"column":4},"end":{"line":7,"column":null}},"2":{"start":{"line":8,"column":4},"end":{"line":11,"column":null}},"3":{"start":{"line":13,"column":4},"end":{"line":13,"column":null}},"4":{"start":{"line":14,"column":4},"end":{"line":14,"column":null}}},"fnMap":{"0":{"name":"healthHandler","decl":{"start":{"line":5,"column":22},"end":{"line":5,"column":36}},"loc":{"start":{"line":5,"column":81},"end":{"line":14,"column":null}},"line":5}},"branchMap":{},"s":{"0":4,"1":4,"2":3,"3":1,"4":1},"f":{"0":4},"b":{},"meta":{"lastBranch":0,"lastFunction":1,"lastStatement":5,"seen":{"f:5:22:5:36":0,"s:6:2:14:Infinity":0,"s:7:4:7:Infinity":1,"s:8:4:11:Infinity":2,"s:13:4:13:Infinity":3,"s:14:4:14:Infinity":4}}}
,"/home/adam/github/SpecR/src/api/middleware/error.ts": {"path":"/home/adam/github/SpecR/src/api/middleware/error.ts","statementMap":{"0":{"start":{"line":4,"column":13},"end":{"line":7,"column":null}},"1":{"start":{"line":5,"column":2},"end":{"line":5,"column":null}},"2":{"start":{"line":6,"column":18},"end":{"line":6,"column":null}},"3":{"start":{"line":7,"column":2},"end":{"line":7,"column":null}}},"fnMap":{"0":{"name":"(anonymous_0)","decl":{"start":{"line":4,"column":13},"end":{"line":4,"column":50}},"loc":{"start":{"line":4,"column":76},"end":{"line":7,"column":null}},"line":4}},"branchMap":{"0":{"loc":{"start":{"line":6,"column":18},"end":{"line":6,"column":null}},"type":"binary-expr","locations":[{"start":{"line":6,"column":18},"end":{"line":6,"column":56}},{"start":{"line":6,"column":56},"end":{"line":6,"column":null}}],"line":6}},"s":{"0":2,"1":2,"2":2,"3":2},"f":{"0":2},"b":{"0":[2,1]},"meta":{"lastBranch":1,"lastFunction":1,"lastStatement":4,"seen":{"s:4:13:7:Infinity":0,"f:4:13:4:50":0,"s:5:2:5:Infinity":1,"s:6:18:6:Infinity":2,"b:6:18:6:56:6:56:6:Infinity":0,"s:7:2:7:Infinity":3}}}
,"/home/adam/github/SpecR/src/db/index.ts": {"path":"/home/adam/github/SpecR/src/db/index.ts","statementMap":{"0":{"start":{"line":9,"column":2},"end":{"line":9,"column":null}},"1":{"start":{"line":13,"column":2},"end":{"line":16,"column":null}},"2":{"start":{"line":14,"column":4},"end":{"line":14,"column":null}},"3":{"start":{"line":16,"column":4},"end":{"line":16,"column":null}},"4":{"start":{"line":20,"column":20},"end":{"line":20,"column":32}},"5":{"start":{"line":22,"column":0},"end":{"line":24,"column":null}},"6":{"start":{"line":23,"column":2},"end":{"line":23,"column":null}}},"fnMap":{"0":{"name":"createPool","decl":{"start":{"line":8,"column":16},"end":{"line":8,"column":35}},"loc":{"start":{"line":8,"column":35},"end":{"line":9,"column":null}},"line":8},"1":{"name":"pingDatabase","decl":{"start":{"line":12,"column":22},"end":{"line":12,"column":35}},"loc":{"start":{"line":12,"column":62},"end":{"line":16,"column":null}},"line":12},"2":{"name":"(anonymous_2)","decl":{"start":{"line":22,"column":8},"end":{"line":22,"column":18}},"loc":{"start":{"line":22,"column":33},"end":{"line":24,"column":null}},"line":22}},"branchMap":{},"s":{"0":2,"1":5,"2":5,"3":2,"4":2,"5":2,"6":0},"f":{"0":2,"1":5,"2":0},"b":{},"meta":{"lastBranch":0,"lastFunction":3,"lastStatement":7,"seen":{"f:8:16:8:35":0,"s:9:2:9:Infinity":0,"f:12:22:12:35":1,"s:13:2:16:Infinity":1,"s:14:4:14:Infinity":2,"s:16:4:16:Infinity":3,"s:20:20:20:32":4,"s:22:0:24:Infinity":5,"f:22:8:22:18":2,"s:23:2:23:Infinity":6}}}
,"/home/adam/github/SpecR/src/lib/env.ts": {"path":"/home/adam/github/SpecR/src/lib/env.ts","statementMap":{"0":{"start":{"line":3,"column":15},"end":{"line":8,"column":2}},"1":{"start":{"line":10,"column":15},"end":{"line":10,"column":44}},"2":{"start":{"line":12,"column":0},"end":{"line":15,"column":null}},"3":{"start":{"line":13,"column":2},"end":{"line":13,"column":null}},"4":{"start":{"line":14,"column":2},"end":{"line":14,"column":null}},"5":{"start":{"line":15,"column":2},"end":{"line":15,"column":null}},"6":{"start":{"line":18,"column":22},"end":{"line":18,"column":null}}},"fnMap":{},"branchMap":{"0":{"loc":{"start":{"line":12,"column":0},"end":{"line":15,"column":null}},"type":"if","locations":[{"start":{"line":12,"column":0},"end":{"line":15,"column":null}},{"start":{},"end":{}}],"line":12}},"s":{"0":9,"1":9,"2":9,"3":2,"4":2,"5":2,"6":7},"f":{},"b":{"0":[2,7]},"meta":{"lastBranch":1,"lastFunction":0,"lastStatement":7,"seen":{"s:3:15:8:2":0,"s:10:15:10:44":1,"b:12:0:15:Infinity:undefined:undefined:undefined:undefined":0,"s:12:0:15:Infinity":2,"s:13:2:13:Infinity":3,"s:14:2:14:Infinity":4,"s:15:2:15:Infinity":5,"s:18:22:18:Infinity":6}}}
,"/home/adam/github/SpecR/src/lib/errors.ts": {"path":"/home/adam/github/SpecR/src/lib/errors.ts","statementMap":{"0":{"start":{"line":3,"column":4},"end":{"line":3,"column":null}},"1":{"start":{"line":4,"column":4},"end":{"line":4,"column":null}}},"fnMap":{"0":{"name":"(anonymous_0)","decl":{"start":{"line":2,"column":2},"end":{"line":2,"column":14}},"loc":{"start":{"line":2,"column":55},"end":{"line":4,"column":null}},"line":2}},"branchMap":{},"s":{"0":2,"1":2},"f":{"0":2},"b":{},"meta":{"lastBranch":0,"lastFunction":1,"lastStatement":2,"seen":{"f:2:2:2:14":0,"s:3:4:3:Infinity":0,"s:4:4:4:Infinity":1}}}
,"/home/adam/github/SpecR/src/lib/logger.ts": {"path":"/home/adam/github/SpecR/src/lib/logger.ts","statementMap":{"0":{"start":{"line":4,"column":13},"end":{"line":9,"column":2}}},"fnMap":{},"branchMap":{"0":{"loc":{"start":{"line":6,"column":6},"end":{"line":7,"column":null}},"type":"binary-expr","locations":[{"start":{"line":6,"column":6},"end":{"line":6,"column":43}},{"start":{"line":6,"column":43},"end":{"line":7,"column":null}}],"line":6}},"s":{"0":3},"f":{},"b":{"0":[3,0]},"meta":{"lastBranch":1,"lastFunction":0,"lastStatement":1,"seen":{"s:4:13:9:2":0,"b:6:6:6:43:6:43:7:Infinity":0}}}
}
